MOPE ELEVADORES LTDA
CNPJ  45.474.005/0001-94  Agência:  0001  Conta:  5650730 - 4
Período  01 de Janeiro de 2026 a 31 de Janeiro de 2026  Extrato gerado em  04/02/2026 às 11:10:20
Saldo inicial do período R$ 5.304,26
Saldo final do período R$ 2.135,30
Data  Movimentações  Valor
05/01/2026  Taxa de notificação por WhatsApp da cobrança 688563400 AMEM
INDUSTRIA E COMERCIO DE CONFECCOES LTDA  R$ -0,55
05/01/2026  Taxa de notificação por WhatsApp da cobrança 688584894 Lucia de
Fatima Varussa Silva  R$ -0,55
05/01/2026  Taxa de notificação por WhatsApp da cobrança 688564101 MARCIO
PERCILIA DOS SANTOS ME – RESTAURANTE SILVA,  R$ -0,55
05/01/2026  Taxa de notificação por WhatsApp da cobrança 688001915 Eduardo
Cesar Ribeiro  R$ -0,55
05/01/2026  Cobrança recebida - fatura nr. 688584894 Lucia de Fatima Varussa Silva  R$ 230,00
05/01/2026  Taxa do Pix - fatura nr. 688584894 Lucia de Fatima Varussa Silva  R$ -1,99
05/01/2026  Taxa de mensageria - fatura nr. 688584894 Lucia de Fatima Varussa
Silva  R$ -0,99
05/01/2026  Taxa de notificação por WhatsApp da cobrança 693400422 LUIZ
CLAUDIO FONSECA PEREIRA  R$ -0,55
05/01/2026  Taxa de notificação por WhatsApp da cobrança 688584894 Lucia de
Fatima Varussa Silva  R$ -0,55
05/01/2026  Taxa de notificação por WhatsApp da cobrança 688001915 Eduardo
Cesar Ribeiro  R$ -0,55
05/01/2026  Taxa de notificação por WhatsApp da cobrança 688563400 AMEM
INDUSTRIA E COMERCIO DE CONFECCOES LTDA  R$ -0,55
06/01/2026  Cobrança recebida - fatura nr. 688001915 Eduardo Cesar Ribeiro  R$ 250,00
06/01/2026  Taxa de boleto - fatura nr. 688001915 Eduardo Cesar Ribeiro  R$ -1,99
06/01/2026  Taxa de mensageria - fatura nr. 688001915 Eduardo Cesar Ribeiro  R$ -0,99
06/01/2026  Cobrança recebida - fatura nr. 688563400 AMEM INDUSTRIA E
COMERCIO DE CONFECCOES LTDA  R$ 240,00
06/01/2026  Taxa de boleto - fatura nr. 688563400 AMEM INDUSTRIA E COMERCIO DE
CONFECCOES LTDA  R$ -1,99
06/01/2026  Taxa de mensageria - fatura nr. 688563400 AMEM INDUSTRIA E
COMERCIO DE CONFECCOES LTDA  R$ -0,99
06/01/2026  Taxa de notificação por WhatsApp da cobrança 689566809
CONDOMINIO RESIDENCIAL VERSAILLES  R$ -0,55
Taxa de notificação por robô de voz - fatura nr. 688564101 MARCIO
06/01/2026  PERCILIA DOS SANTOS ME – RESTAURANTE SILVA,  R$ -0,55
Data  Movimentações  Valor
06/01/2026  Cobrança recebida - fatura nr. 689566809 CONDOMINIO RESIDENCIAL
VERSAILLES  R$ 250,00
06/01/2026  Taxa de boleto - fatura nr. 689566809 CONDOMINIO RESIDENCIAL
VERSAILLES  R$ -1,99
07/01/2026  Taxa de notificação por robô de voz - fatura nr. 688564101 MARCIO
PERCILIA DOS SANTOS ME – RESTAURANTE SILVA,  R$ -0,55
08/01/2026  Taxa de notificação por robô de voz - fatura nr. 688564101 MARCIO
PERCILIA DOS SANTOS ME – RESTAURANTE SILVA,  R$ -0,55
08/01/2026  Taxa de notificação por WhatsApp da cobrança 691044544 Lucas Alves
Pereira  R$ -0,55
09/01/2026  Cobrança recebida - fatura nr. 691044544 Lucas Alves Pereira  R$ 310,00
09/01/2026  Taxa de boleto - fatura nr. 691044544 Lucas Alves Pereira  R$ -1,99
09/01/2026  Taxa de notificação por robô de voz - fatura nr. 688564101 MARCIO
PERCILIA DOS SANTOS ME – RESTAURANTE SILVA,  R$ -0,55
09/01/2026  Taxa de notificação por WhatsApp da cobrança 693400422 LUIZ
CLAUDIO FONSECA PEREIRA  R$ -0,55
09/01/2026  Taxa de notificação por WhatsApp da cobrança 696158283 Lucas Rafael
Manoel Monteiro Diniz  R$ -0,55
12/01/2026  Transação via Pix com chave para MOPE ELEVADORES LTDA  R$ -6.000,00
12/01/2026  Cobrança recebida - fatura nr. 693400422 LUIZ CLAUDIO FONSECA
PEREIRA  R$ 150,00
12/01/2026  Taxa de boleto - fatura nr. 693400422 LUIZ CLAUDIO FONSECA PEREIRA  R$ -1,99
12/01/2026  Taxa de mensageria - fatura nr. 693400422 LUIZ CLAUDIO FONSECA
PEREIRA  R$ -0,99
15/01/2026  Taxa de notificação por WhatsApp da cobrança 696158283 Lucas Rafael
Manoel Monteiro Diniz  R$ -0,55
15/01/2026  Taxa de notificação por WhatsApp da cobrança 700092164 Edifício
Manoel Alexandre  R$ -0,55
15/01/2026  Cobrança recebida - fatura nr. 627727596 CONDOMINIO DO EDIFICIO
RESIDENCIAL MULTIBANK II  R$ 265,00
15/01/2026  Taxa de boleto - fatura nr. 627727596 CONDOMINIO DO EDIFICIO
RESIDENCIAL MULTIBANK II  R$ -1,99
15/01/2026  Taxa de mensageria - fatura nr. 627727596 CONDOMINIO DO EDIFICIO
RESIDENCIAL MULTIBANK II  R$ -0,99
16/01/2026  Taxa de notificação por WhatsApp da cobrança 696158283 Lucas Rafael R$ -0,55
Manoel Monteiro Diniz
16/01/2026  Cobrança recebida - fatura nr. 627739914 AMEV IMPORTADORA E
DISTRIBUIDORA LTDA  R$ 320,00
16/01/2026  Taxa de boleto - fatura nr. 627739914 AMEV IMPORTADORA E
DISTRIBUIDORA LTDA  R$ -1,99
16/01/2026  Taxa de mensageria - fatura nr. 627739914 AMEV IMPORTADORA E
DISTRIBUIDORA LTDA  R$ -0,99
19/01/2026  Taxa de notificação por WhatsApp da cobrança 696158283 Lucas Rafael
Manoel Monteiro Diniz  R$ -0,55
20/01/2026  Taxa de notificação por WhatsApp da cobrança 700092164 Edifício
Manoel Alexandre  R$ -0,55
Data  Movimentações  Valor
20/01/2026  Cobrança recebida - fatura nr. 700092164 Edifício Manoel Alexandre  R$ 320,00
20/01/2026  Taxa do Pix - fatura nr. 700092164 Edifício Manoel Alexandre  R$ -1,99
20/01/2026  Taxa de notificação por WhatsApp da cobrança 700092164 Edifício
Manoel Alexandre  R$ -0,55
21/01/2026  Taxa de notificação por WhatsApp da cobrança 696158283 Lucas Rafael
Manoel Monteiro Diniz  R$ -0,55
21/01/2026  Taxa de notificação por WhatsApp da cobrança 688564101 MARCIO
PERCILIA DOS SANTOS ME – RESTAURANTE SILVA,  R$ -0,55
22/01/2026  Cobrança recebida - fatura nr. 688564101 MARCIO PERCILIA DOS
SANTOS ME – RESTAURANTE SILVA,  R$ 280,34
22/01/2026  Taxa de boleto - fatura nr. 688564101 MARCIO PERCILIA DOS SANTOS
ME – RESTAURANTE SILVA,  R$ -1,99
22/01/2026  Taxa de mensageria - fatura nr. 688564101 MARCIO PERCILIA DOS
SANTOS ME – RESTAURANTE SILVA,  R$ -0,99
26/01/2026  Cobrança recebida - fatura nr. 638918320 MARCIO PERCILIA DOS
SANTOS ME – RESTAURANTE SILVA,  R$ 263,66
26/01/2026  Taxa do Pix - fatura nr. 638918320 MARCIO PERCILIA DOS SANTOS ME –
RESTAURANTE SILVA,  R$ -1,99
26/01/2026  Taxa de mensageria - fatura nr. 638918320 MARCIO PERCILIA DOS
SANTOS ME – RESTAURANTE SILVA,  R$ -0,99
26/01/2026  Taxa de notificação por WhatsApp da cobrança 696158283 Lucas Rafael
Manoel Monteiro Diniz  R$ -0,55
26/01/2026  Taxa de notificação por WhatsApp da cobrança 709085349 MARCIO
PERCILIA DOS SANTOS ME – RESTAURANTE SILVA,  R$ -0,55
26/01/2026  Taxa de notificação por WhatsApp da cobrança 638918320 MARCIO
PERCILIA DOS SANTOS ME – RESTAURANTE SILVA,  R$ -0,55
28/01/2026  Taxa de notificação por WhatsApp da cobrança 709979239
CONDOMINIO RESIDENCIAL VERSAILLES  R$ -0,55
29/01/2026  Taxa de notificação por WhatsApp da cobrança 696158283 Lucas Rafael
Manoel Monteiro Diniz  R$ -0,55
29/01/2026  Taxa de notificação por WhatsApp da cobrança 650479822 Maycon
Wilkinson Ribeiro  R$ -0,55
30/01/2026  Taxa de notificação por WhatsApp da cobrança 709243662 Eduardo
Cesar Ribeiro  R$ -0,55
30/01/2026  Taxa de notificação por WhatsApp da cobrança 709084762 AMEM
INDUSTRIA E COMERCIO DE CONFECCOES LTDA  R$ -0,55
30/01/2026  Taxa de notificação por WhatsApp da cobrança 709104217 Lucia de
Fatima Varussa Silva  R$ -0,55
ASAAS Gestão Financeira Instituição de Pagamento S.A.
CNPJ:  19.540.550/0001-21
